C51 COMPILER V9.53.0.0   MAIN                                                              04/06/2019 10:12:13 PAGE 1   


C51 COMPILER V9.53.0.0, COMPILATION OF MODULE MAIN
OBJECT MODULE PLACED IN main.OBJ
COMPILER INVOKED BY: C:\Keil_v5\C51\BIN\C51.EXE main.c OPTIMIZE(8,SPEED) BROWSE DEBUG OBJECTEXTEND TABS(2)

line level    source

   1          #include<reg51.h>
   2          #include<intrins.h>
   3          #include<math.h>
   4          #include"lcd.h"
   5          #include"temp.h"
   6          /*??????*/
   7          sbit Trig = P2^1;//??????????
   8          sbit Echo = P2^0;
   9          sbit DQ=P3^7; //?????
  10          sbit beep=P1^5; //???
  11          sbit key_up=P3^2;//????0?????
  12          sbit key_down=P3^3;//????1?????
  13          /*????????*/
  14          /*?????????*/
  15          unsigned char mes_temp[]="T:";//lcd???????
  16          unsigned char mes_dis[]="S:";
  17          unsigned char mes_alarmDis[]="aS:";
  18          unsigned char code ASCII[15] = {'0','1','2','3','4','5','6','7','8','9','.','-','M'};
  19          /*??????*/
  20          float  time=0;//??
  21          float  temp;//??
  22          uint  S=0;//??
  23          uint alarm_distance = 10;//????
  24          bit    flag =0;//???????
  25          bit    flag_temp =0;//??????  0???,1???
  26          uchar disbuff[4]= { 0,0,0,0};//???????
  27          uchar temps[] = { 0, 0, 0, 0};//????
  28          uchar alarm_distances[] = { 0, 0};//??????
  29          /*****????****/
  30          void delay(uchar n){//10us
  31   1          while(n--);
  32   1      }
  33          void delayms(unsigned int ms){//1ms
  34   1          unsigned char i=100,j;
  35   1          for(; ms; ms--){
  36   2              while(--i){
  37   3                  j=10;
  38   3                  while(--j);
  39   3              }
  40   2          }
  41   1      }
  42          /****????*****/
  43              void Conut(void)
  44              {
  45   1          uint i=0;//????,????????????
  46   1          float v;//?????
  47   1          /*****????*****/
  48   1          time=TH0*256+TL0;//??,us
  49   1          TL0=0;//??????,???????
  50   1          TH0=0;
  51   1          if(flag_temp == 1)//????(??0)
  52   1              v=332+temp*0.6;//???????????? m/s
  53   1          else//?????
  54   1              v=332-temp*0.6;//???????????? m/s
  55   1          /*  ????m/s???cm/us
C51 COMPILER V9.53.0.0   MAIN                                                              04/06/2019 10:12:13 PAGE 2   

  56   1          v:m/s     ---->  ????0.5  0.5*v*100cm/1000 000us  ---->   v/20 000 cm/us
  57   1          S=time*v  ---->  ???????
  58   1          time/100  v/200  ???????????*/
  59   1          time=time/100;
  60   1          v=v/200;
  61   1          S=time*v;//????
  62   1          /*****??????*****/
  63   1          /*****????,??????*****/
  64   1          //?????????
  65   1          LcdWriteCom(0x80+0x42);//???????2???  ????????0x80+0x40
  66   1          if((S>=700)||flag==1) {//???????? ??????700cm ??????
  67   2              flag=0;//?????????
  68   2              while(i<1200){//????
  69   3                      beep = ~beep;
  70   3                      delay(100);
  71   3                      i++;
  72   3                  }//???????????
  73   2                 i=0;//???????
  74   2                 beep = 0;
  75   2              //LCD?????   -.--M
  76   2              LcdWriteData(ASCII[11]);//-
  77   2              LcdWriteData(ASCII[10]);//.
  78   2              LcdWriteData(ASCII[11]);//-
  79   2              LcdWriteData(ASCII[11]);//-
  80   2              LcdWriteData( ASCII[12]);//M
  81   2          }
  82   1          else //?????? ? 68cm -->  0.68M
  83   1          {
  84   2              if(S<alarm_distance){
  85   3                  while(i<1200){//????
  86   4                      beep = ~beep;
  87   4                      delay(100);
  88   4                      i++;
  89   4                  }//???????????
  90   3                 i=0;//???????
  91   3                 beep = 0;
  92   3              }
  93   2              beep = 0;//??????
  94   2              disbuff[0]=S/100;         //??
  95   2              disbuff[1]=S%100/10;      //??
  96   2              disbuff[2]=S%10 %10;      //??
  97   2              LcdWriteData(ASCII[disbuff[0]]);//0
  98   2              LcdWriteData(ASCII[10]);      //.
  99   2              LcdWriteData(ASCII[disbuff[1]]);//6
 100   2              LcdWriteData(ASCII[disbuff[2]]);//8
 101   2              LcdWriteData(ASCII[12]);      //M
 102   2          }
 103   1          LcdWriteCom(0x80+0x48);//??????
 104   1          for(i = 0 ; i < 3; i++)
 105   1              LcdWriteData(mes_alarmDis[i]);//aS:
 106   1          alarm_distances[0]=alarm_distance%100/10;      //??
 107   1          alarm_distances[1]=alarm_distance%10 %10;      //??
 108   1          for(i = 0 ; i < 2; i++){
 109   2              LcdWriteData(ASCII[alarm_distances[i]]);
 110   2              if(i == 1){
 111   3                  LcdWriteData('c');
 112   3                  LcdWriteData('m');
 113   3              }
 114   2          }
 115   1      }
 116          /****??????***/
 117          void T0_OVERFLOW() interrupt 1 //T0?????????,??????
C51 COMPILER V9.53.0.0   MAIN                                                              04/06/2019 10:12:13 PAGE 3   

 118          {
 119   1          flag=1;
 120   1      }
 121          void alarm_distance_up() interrupt 0  {//0?????0????
 122   1          alarm_distance +=5;
 123   1      }
 124          void alarm_distance_down() interrupt 2  {//2?????1????
 125   1          if(alarm_distance > 5)
 126   1              alarm_distance -=5;
 127   1      }
 128          /****???????****/
 129          void  StartModule(){
 130   1          uchar i;//????
 131   1          Trig=1;//??????
 132   1          for(i=10; i>0; i--)
 133   1              _nop_(); //??10????,??
 134   1          Trig=0;
 135   1      }
 136          /***??????*/
 137          void temp_deal(int t){
 138   1          uchar i;//????
 139   1          float tp;//??????????
 140   1          uint  ttp;
 141   1        if(t< 0){//?????
 142   2              flag_temp = 0;
 143   2              LcdWriteCom(0x82);//2???????
 144   2              LcdWriteData('-');
 145   2              //?????????????,????
 146   2              //?????
 147   2              t=t-1;
 148   2              t=~t;
 149   2              tp=t;
 150   2              //? 27.123 ---> 2712.3+0.5 --->2712
 151   2              ttp=tp*0.0625*100+0.5;
 152   2              temp = ttp/100;
 153   2          }
 154   1          else{
 155   2              flag_temp = 1;
 156   2              if(t > 0){
 157   3                  LcdWriteCom(0x82);
 158   3                  LcdWriteData('+');
 159   3              }
 160   2              tp=t;//?????????
 161   2              ttp=tp*0.0625*100+0.5;
 162   2              temp = ttp/100;
 163   2          }
 164   1          //2712/1000 -> 2 
 165   1          temps[0] = ttp / 1000;
 166   1          //2712%1000 -->712  712/100-->7
 167   1          temps[1] = ttp % 1000 / 100;
 168   1          //2712%100 --> 12  12/10 -->1
 169   1          temps[2] = ttp % 100 / 10;
 170   1          temps[3] = ttp % 10;//2712%10 --> 2
 171   1          LcdWriteCom(0x83);
 172   1          for(i =0; i < 4;i++){
 173   2              if(i==2)
 174   2                  LcdWriteData(ASCII[10]);
 175   2              LcdWriteData(ASCII[temps[i]]);
 176   2          }
 177   1          LcdWriteData(' ');
 178   1          LcdWriteData('C');
 179   1      }
C51 COMPILER V9.53.0.0   MAIN                                                              04/06/2019 10:12:13 PAGE 4   

 180          /*???*/
 181          void main(void){
 182   1          uchar i;      //for?????
 183   1          TMOD=0x01;    //??????
 184   1          TH0=0;  TL0=0;//???0??
 185   1          IT0=1;  IT1=1;//????0,1?????
 186   1          ET0=1;        //??T0??
 187   1          EX0=1;  EX1=1;//??????0,1
 188   1          EA=1;         //????
 189   1          LcdInit();    //???1602
 190   1          LcdWriteCom(0x80);//???????
 191   1          for(i=0; i<2; i++)
 192   1             LcdWriteData(mes_temp[i]);//T:
 193   1          LcdWriteCom(0x80+0x40);//??????????
 194   1          for(i=0; i<2; i++)
 195   1              LcdWriteData(mes_dis[i]);//S:
 196   1          while(1){
 197   2              //?????????
 198   2              temp_deal(Ds18b20ReadTemp());
 199   2              StartModule();//???????
 200   2              while(!Echo);   //echo=1???
 201   2              TR0=1;       //????
 202   2              while(Echo);  //echo=0???
 203   2              TR0=0;            //????
 204   2              Conut();        //???????
 205   2              delayms(80);       //??80ms
 206   2          }
 207   1      }


MODULE INFORMATION:   STATIC OVERLAYABLE
   CODE SIZE        =   1041    ----
   CONSTANT SIZE    =     15    ----
   XDATA SIZE       =   ----    ----
   PDATA SIZE       =   ----    ----
   DATA SIZE        =     32      16
   IDATA SIZE       =   ----    ----
   BIT SIZE         =      2    ----
END OF MODULE INFORMATION.


C51 COMPILATION COMPLETE.  0 WARNING(S),  0 ERROR(S)
